0 info it worked if it ends with ok
1 verbose cli [ '/usr/local/bin/node',
1 verbose cli   '/usr/local/bin/npm',
1 verbose cli   'publish',
1 verbose cli   '--access=public' ]
2 info using npm@3.10.10
3 info using node@v6.9.3
4 verbose publish [ '.' ]
5 silly cache add args [ '.', null ]
6 verbose cache add spec .
7 silly cache add parsed spec Result {
7 silly cache add   raw: '.',
7 silly cache add   scope: null,
7 silly cache add   escapedName: null,
7 silly cache add   name: null,
7 silly cache add   rawSpec: '.',
7 silly cache add   spec: '/Users/jim_j_wu/dev/dev_npm_module/HTMLTagDetection',
7 silly cache add   type: 'directory' }
8 verbose addLocalDirectory /Users/jim_j_wu/.npm/htmltagdection/1.0.0/package.tgz not in flight; packing
9 verbose correctMkdir /Users/jim_j_wu/.npm correctMkdir not in flight; initializing
10 info lifecycle htmltagdection@1.0.0~prepublish: htmltagdection@1.0.0
11 silly lifecycle htmltagdection@1.0.0~prepublish: no script for prepublish, continuing
12 verbose tar pack [ '/Users/jim_j_wu/.npm/htmltagdection/1.0.0/package.tgz',
12 verbose tar pack   '/Users/jim_j_wu/dev/dev_npm_module/HTMLTagDetection' ]
13 verbose tarball /Users/jim_j_wu/.npm/htmltagdection/1.0.0/package.tgz
14 verbose folder /Users/jim_j_wu/dev/dev_npm_module/HTMLTagDetection
15 verbose addLocalTarball adding from inside cache /Users/jim_j_wu/.npm/htmltagdection/1.0.0/package.tgz
16 verbose correctMkdir /Users/jim_j_wu/.npm correctMkdir not in flight; initializing
17 silly cache afterAdd htmltagdection@1.0.0
18 verbose afterAdd /Users/jim_j_wu/.npm/htmltagdection/1.0.0/package/package.json not in flight; writing
19 verbose correctMkdir /Users/jim_j_wu/.npm correctMkdir not in flight; initializing
20 verbose afterAdd /Users/jim_j_wu/.npm/htmltagdection/1.0.0/package/package.json written
21 silly publish { name: 'htmltagdection',
21 silly publish   version: '1.0.0',
21 silly publish   description: 'detect html tags',
21 silly publish   main: 'index.js',
21 silly publish   scripts: { test: 'echo "Error: no test specified" && exit 1' },
21 silly publish   repository:
21 silly publish    { type: 'git',
21 silly publish      url: 'git+https://github.com/JingLinWu/HTMLTagDetection.git' },
21 silly publish   keywords: [ 'HTML', 'Tag' ],
21 silly publish   author:
21 silly publish    { name: 'jinglin_wu',
21 silly publish      email: 'adrawgill@gmail.com',
21 silly publish      url: 'https://medium.com/@adrawgill/' },
21 silly publish   license: 'MIT',
21 silly publish   bugs: { url: 'https://github.com/JingLinWu/HTMLTagDetection/issues' },
21 silly publish   homepage: 'https://github.com/JingLinWu/HTMLTagDetection#readme',
21 silly publish   dependencies: { domutils: '^1.7.0', htmlparser2: '^3.9.2', jsdom: '11.6.2' },
21 silly publish   readme: '# HTMLTagDetection\nDetect HTML Tags \n',
21 silly publish   readmeFilename: 'README.md',
21 silly publish   gitHead: 'ff855a0a57e6c36fe8effaca320a34ca30d1f47a',
21 silly publish   _id: 'htmltagdection@1.0.0',
21 silly publish   _shasum: 'f9de3bab3e3a367e9b0cb9be969f4007d3dcaa23',
21 silly publish   _from: '.' }
22 verbose getPublishConfig undefined
23 silly mapToRegistry name htmltagdection
24 silly mapToRegistry using default registry
25 silly mapToRegistry registry https://registry.npmjs.org/
26 silly mapToRegistry data Result {
26 silly mapToRegistry   raw: 'htmltagdection',
26 silly mapToRegistry   scope: null,
26 silly mapToRegistry   escapedName: 'htmltagdection',
26 silly mapToRegistry   name: 'htmltagdection',
26 silly mapToRegistry   rawSpec: '',
26 silly mapToRegistry   spec: 'latest',
26 silly mapToRegistry   type: 'tag' }
27 silly mapToRegistry uri https://registry.npmjs.org/htmltagdection
28 verbose publish registryBase https://registry.npmjs.org/
29 silly publish uploading /Users/jim_j_wu/.npm/htmltagdection/1.0.0/package.tgz
30 verbose request uri https://registry.npmjs.org/htmltagdection
31 verbose request sending authorization for write operation
32 info attempt registry request try #1 at 12:47:37 AM
33 verbose request using bearer token for auth
34 verbose request id a5202e47196ed475
35 http request PUT https://registry.npmjs.org/htmltagdection
36 http 403 https://registry.npmjs.org/htmltagdection
37 verbose headers { 'content-type': 'application/json',
37 verbose headers   'cache-control': 'max-age=300',
37 verbose headers   'content-length': '93',
37 verbose headers   'accept-ranges': 'bytes',
37 verbose headers   date: 'Sun, 08 Apr 2018 16:47:40 GMT',
37 verbose headers   via: '1.1 varnish',
37 verbose headers   connection: 'keep-alive',
37 verbose headers   'x-served-by': 'cache-hnd18745-HND',
37 verbose headers   'x-cache': 'MISS',
37 verbose headers   'x-cache-hits': '0',
37 verbose headers   'x-timer': 'S1523206060.621170,VS0,VE1155',
37 verbose headers   vary: 'Accept-Encoding, Accept' }
38 verbose request invalidating /Users/jim_j_wu/.npm/registry.npmjs.org/htmltagdection on PUT
39 error publish Failed PUT 403
40 verbose stack Error: You cannot publish over the previously published versions: 1.0.0. : htmltagdection
40 verbose stack     at makeError (/usr/local/lib/node_modules/npm/node_modules/npm-registry-client/lib/request.js:302:12)
40 verbose stack     at CachingRegistryClient.<anonymous> (/usr/local/lib/node_modules/npm/node_modules/npm-registry-client/lib/request.js:290:14)
40 verbose stack     at Request._callback (/usr/local/lib/node_modules/npm/node_modules/npm-registry-client/lib/request.js:210:14)
40 verbose stack     at Request.self.callback (/usr/local/lib/node_modules/npm/node_modules/request/request.js:187:22)
40 verbose stack     at emitTwo (events.js:106:13)
40 verbose stack     at Request.emit (events.js:191:7)
40 verbose stack     at Request.<anonymous> (/usr/local/lib/node_modules/npm/node_modules/request/request.js:1048:10)
40 verbose stack     at emitOne (events.js:96:13)
40 verbose stack     at Request.emit (events.js:188:7)
40 verbose stack     at IncomingMessage.<anonymous> (/usr/local/lib/node_modules/npm/node_modules/request/request.js:969:12)
41 verbose statusCode 403
42 verbose pkgid htmltagdection
43 verbose cwd /Users/jim_j_wu/dev/dev_npm_module/HTMLTagDetection
44 error Darwin 16.7.0
45 error argv "/usr/local/bin/node" "/usr/local/bin/npm" "publish" "--access=public"
46 error node v6.9.3
47 error npm  v3.10.10
48 error code E403
49 error You cannot publish over the previously published versions: 1.0.0. : htmltagdection
50 error If you need help, you may report this error at:
50 error     <https://github.com/npm/npm/issues>
51 verbose exit [ 1, true ]
